0 info it worked if it ends with ok
1 verbose cli [ '/usr/local/Cellar/node/6.0.0/bin/node',
1 verbose cli   '/usr/local/bin/npm',
1 verbose cli   'install' ]
2 info using npm@3.10.6
3 info using node@v6.0.0
4 silly loadCurrentTree Starting
5 silly install loadCurrentTree
6 silly install readLocalPackageData
7 silly install normalizeTree
8 silly loadCurrentTree Finishing
9 silly loadIdealTree Starting
10 silly install loadIdealTree
11 silly cloneCurrentTree Starting
12 silly install cloneCurrentTreeToIdealTree
13 silly cloneCurrentTree Finishing
14 silly loadShrinkwrap Starting
15 silly install loadShrinkwrap
16 silly loadShrinkwrap Finishing
17 silly loadAllDepsIntoIdealTree Starting
18 silly install loadAllDepsIntoIdealTree
19 silly loadAllDepsIntoIdealTree Finishing
20 silly loadIdealTree Finishing
21 silly currentTree magicmirror@2.0.0
21 silly currentTree ├── abbrev@1.0.9
21 silly currentTree ├── accepts@1.3.3
21 silly currentTree ├── acorn-jsx@3.0.1
21 silly currentTree ├── acorn@3.3.0
21 silly currentTree ├── after@0.8.1
21 silly currentTree ├── align-text@0.1.4
21 silly currentTree ├── amdefine@1.0.0
21 silly currentTree ├── ansi-escapes@1.4.0
21 silly currentTree ├── ansi-regex@2.0.0
21 silly currentTree ├── ansi-styles@2.2.1
21 silly currentTree ├── ansicolors@0.3.2
21 silly currentTree ├── archy@1.0.0
21 silly currentTree ├── argparse@1.0.7
21 silly currentTree ├── array-differ@1.0.0
21 silly currentTree ├── array-find-index@1.0.1
21 silly currentTree ├── array-flatten@1.1.1
21 silly currentTree ├── array-union@1.0.2
21 silly currentTree ├── array-uniq@1.0.3
21 silly currentTree ├── arraybuffer.slice@0.0.6
21 silly currentTree ├── arrify@1.0.1
21 silly currentTree ├── asap@2.0.4
21 silly currentTree ├── asn1@0.2.3
21 silly currentTree ├── assert-plus@0.2.0
21 silly currentTree ├── async@2.0.1
21 silly currentTree ├── autoprefixer@6.4.1
21 silly currentTree ├── aws-sign2@0.6.0
21 silly currentTree ├── aws4@1.4.1
21 silly currentTree ├── backo2@1.0.2
21 silly currentTree ├── balanced-match@0.4.2
21 silly currentTree ├── base64-arraybuffer@0.1.2
21 silly currentTree ├── base64id@0.1.0
21 silly currentTree ├─┬ bcrypt-pbkdf@1.0.0
21 silly currentTree │ └── tweetnacl@0.14.3
21 silly currentTree ├── benchmark@1.0.0
21 silly currentTree ├── better-assert@1.0.2
21 silly currentTree ├── bl@1.1.2
21 silly currentTree ├── blob@0.0.4
21 silly currentTree ├── bluebird@3.4.6
21 silly currentTree ├── boom@2.10.1
21 silly currentTree ├── boxen@0.3.1
21 silly currentTree ├── brace-expansion@1.1.6
21 silly currentTree ├── browserslist@1.3.6
21 silly currentTree ├── builtin-modules@1.1.1
21 silly currentTree ├── builtins@0.0.7
21 silly currentTree ├── caller-path@0.1.0
21 silly currentTree ├── callsite@1.0.0
21 silly currentTree ├── callsites@0.2.0
21 silly currentTree ├─┬ camelcase-keys@2.1.0
21 silly currentTree │ └── camelcase@2.1.1
21 silly currentTree ├── camelcase@1.2.1
21 silly currentTree ├── caniuse-db@1.0.30000528
21 silly currentTree ├── capture-stack-trace@1.0.0
21 silly currentTree ├── caseless@0.11.0
21 silly currentTree ├── center-align@0.1.3
21 silly currentTree ├── chalk@1.1.3
21 silly currentTree ├── circular-json@0.3.1
21 silly currentTree ├── clarinet@0.11.0
21 silly currentTree ├── cli-cursor@1.0.2
21 silly currentTree ├── cli-width@2.1.0
21 silly currentTree ├─┬ clite@0.3.0
21 silly currentTree │ ├── cliui@3.2.0
21 silly currentTree │ ├── configstore@2.1.0
21 silly currentTree │ ├── update-notifier@0.6.3
21 silly currentTree │ ├── window-size@0.2.0
21 silly currentTree │ └── yargs@4.8.1
21 silly currentTree ├── cliui@2.1.0
21 silly currentTree ├── clone-regexp@1.0.0
21 silly currentTree ├── code-point-at@1.0.0
21 silly currentTree ├── coffee-script@1.10.0
21 silly currentTree ├── color-diff@0.1.7
21 silly currentTree ├─┬ colorguard@1.2.0
21 silly currentTree │ └── yargs@1.3.3
21 silly currentTree ├── colors@1.1.2
21 silly currentTree ├── combined-stream@1.0.5
21 silly currentTree ├── commander@2.9.0
21 silly currentTree ├── component-bind@1.0.0
21 silly currentTree ├── component-emitter@1.1.2
21 silly currentTree ├── component-inherit@0.0.3
21 silly currentTree ├── concat-map@0.0.1
21 silly currentTree ├── concat-stream@1.5.0
21 silly currentTree ├── configstore@1.4.0
21 silly currentTree ├── content-disposition@0.5.1
21 silly currentTree ├── content-type@1.0.2
21 silly currentTree ├── cookie-signature@1.0.6
21 silly currentTree ├── cookie@0.3.1
21 silly currentTree ├── core-util-is@1.0.2
21 silly currentTree ├─┬ cosmiconfig@1.1.0
21 silly currentTree │ └── minimist@1.2.0
21 silly currentTree ├── create-error-class@3.0.2
21 silly currentTree ├── cryptiles@2.0.5
21 silly currentTree ├── css-color-names@0.0.3
21 silly currentTree ├─┬ css-rule-stream@1.1.0
21 silly currentTree │ ├── duplexer2@0.0.2
21 silly currentTree │ ├── isarray@0.0.1
21 silly currentTree │ ├── readable-stream@1.1.14
21 silly currentTree │ └─┬ through2@0.6.5
21 silly currentTree │   └── readable-stream@1.0.34
21 silly currentTree ├─┬ css-tokenize@1.0.1
21 silly currentTree │ ├── isarray@0.0.1
21 silly currentTree │ └── readable-stream@1.1.14
21 silly currentTree ├── currently-unhandled@0.4.1
21 silly currentTree ├── d@0.1.1
21 silly currentTree ├─┬ dashdash@1.14.0
21 silly currentTree │ └── assert-plus@1.0.0
21 silly currentTree ├── date-time@1.1.0
21 silly currentTree ├── dateformat@1.0.12
21 silly currentTree ├── debug@2.2.0
21 silly currentTree ├── decamelize@1.2.0
21 silly currentTree ├── deep-extend@0.4.1
21 silly currentTree ├── deep-is@0.1.3
21 silly currentTree ├── del@2.2.2
21 silly currentTree ├── delayed-stream@1.0.0
21 silly currentTree ├── depd@1.1.0
21 silly currentTree ├── destroy@1.0.4
21 silly currentTree ├── diff@2.2.3
21 silly currentTree ├── doctrine@1.3.0
21 silly currentTree ├─┬ doiuse@2.4.1
21 silly currentTree │ ├── duplexer2@0.0.2
21 silly currentTree │ ├── isarray@0.0.1
21 silly currentTree │ ├── readable-stream@1.1.14
21 silly currentTree │ ├── source-map@0.4.4
21 silly currentTree │ └─┬ through2@0.6.5
21 silly currentTree │   └── readable-stream@1.0.34
21 silly currentTree ├── dot-prop@3.0.0
21 silly currentTree ├── duplexer@0.1.1
21 silly currentTree ├── duplexer2@0.1.4
21 silly currentTree ├── duplexify@3.4.5
21 silly currentTree ├── ecc-jsbn@0.1.1
21 silly currentTree ├── ee-first@1.1.1
21 silly currentTree ├─┬ electron-download@2.1.2
21 silly currentTree │ ├── minimist@1.2.0
21 silly currentTree │ └── path-exists@1.0.0
21 silly currentTree ├── electron-prebuilt@1.3.5
21 silly currentTree ├── encodeurl@1.0.1
21 silly currentTree ├── end-of-stream@1.0.0
21 silly currentTree ├─┬ engine.io-client@1.6.11
21 silly currentTree │ └── ws@1.0.1
21 silly currentTree ├─┬ engine.io-parser@1.2.4
21 silly currentTree │ ├── has-binary@0.1.6
21 silly currentTree │ └── isarray@0.0.1
21 silly currentTree ├─┬ engine.io@1.6.11
21 silly currentTree │ ├── accepts@1.1.4
21 silly currentTree │ ├── mime-db@1.12.0
21 silly currentTree │ ├── mime-types@2.0.14
21 silly currentTree │ └── negotiator@0.4.9
21 silly currentTree ├── error-ex@1.3.0
21 silly currentTree ├── es5-ext@0.10.12
21 silly currentTree ├── es6-iterator@2.0.0
21 silly currentTree ├── es6-map@0.1.4
21 silly currentTree ├── es6-promise@3.2.1
21 silly currentTree ├── es6-set@0.1.4
21 silly currentTree ├── es6-symbol@3.1.0
21 silly currentTree ├── es6-weak-map@2.0.1
21 silly currentTree ├── escape-html@1.0.3
21 silly currentTree ├── escape-string-regexp@1.0.5
21 silly currentTree ├── escope@3.6.0
21 silly currentTree ├─┬ eslint@3.4.0
21 silly currentTree │ ├── glob@7.0.6
21 silly currentTree │ ├── inquirer@0.12.0
21 silly currentTree │ ├── run-async@0.1.0
21 silly currentTree │ └── strip-bom@3.0.0
21 silly currentTree ├── espree@3.1.7
21 silly currentTree ├── esprima@2.7.3
21 silly currentTree ├─┬ esrecurse@4.1.0
21 silly currentTree │ └── estraverse@4.1.1
21 silly currentTree ├── estraverse@4.2.0
21 silly currentTree ├── esutils@2.0.2
21 silly currentTree ├── etag@1.7.0
21 silly currentTree ├── event-emitter@0.3.4
21 silly currentTree ├── eventemitter2@0.4.14
21 silly currentTree ├── eventyoshi@0.1.6
21 silly currentTree ├── execall@1.0.0
21 silly currentTree ├── exit-hook@1.1.1
21 silly currentTree ├── exit@0.1.2
21 silly currentTree ├── express@4.14.0
21 silly currentTree ├── extend@3.0.0
21 silly currentTree ├─┬ extract-zip@1.5.0
21 silly currentTree │ ├── debug@0.7.4
21 silly currentTree │ └── mkdirp@0.5.0
21 silly currentTree ├── extsprintf@1.0.2
21 silly currentTree ├── fast-levenshtein@1.1.4
21 silly currentTree ├── fd-slicer@1.0.1
21 silly currentTree ├── feedme@0.3.2
21 silly currentTree ├── figures@1.7.0
21 silly currentTree ├── file-entry-cache@2.0.0
21 silly currentTree ├── filled-array@1.1.0
21 silly currentTree ├── finalhandler@0.5.0
21 silly currentTree ├── find-up@1.1.2
21 silly currentTree ├─┬ findup-sync@0.3.0
21 silly currentTree │ └── glob@5.0.15
21 silly currentTree ├── flat-cache@1.2.1
21 silly currentTree ├── flatten@1.0.2
21 silly currentTree ├── foreachasync@3.0.0
21 silly currentTree ├── forever-agent@0.6.1
21 silly currentTree ├── form-data@1.0.1
21 silly currentTree ├── forwarded@0.1.0
21 silly currentTree ├── fresh@0.3.0
21 silly currentTree ├── fs.realpath@1.0.0
21 silly currentTree ├── gather-stream@1.0.0
21 silly currentTree ├── generate-function@2.0.0
21 silly currentTree ├── generate-object-property@1.2.0
21 silly currentTree ├── get-caller-file@1.0.2
21 silly currentTree ├── get-stdin@4.0.1
21 silly currentTree ├── getobject@0.1.0
21 silly currentTree ├─┬ getpass@0.1.6
21 silly currentTree │ └── assert-plus@1.0.0
21 silly currentTree ├── glob@6.0.4
21 silly currentTree ├── globals@9.9.0
21 silly currentTree ├─┬ globby@5.0.0
21 silly currentTree │ └── glob@7.0.6
21 silly currentTree ├── globjoin@0.1.4
21 silly currentTree ├── got@5.6.0
21 silly currentTree ├── graceful-fs@4.1.6
21 silly currentTree ├── graceful-readlink@1.0.1
21 silly currentTree ├── grunt-eslint@19.0.0
21 silly currentTree ├── grunt-known-options@1.1.0
21 silly currentTree ├─┬ grunt-legacy-log-utils@1.0.0
21 silly currentTree │ └── lodash@4.3.0
21 silly currentTree ├─┬ grunt-legacy-log@1.0.0
21 silly currentTree │ └── lodash@3.10.1
21 silly currentTree ├─┬ grunt-legacy-util@1.0.0
21 silly currentTree │ ├── async@1.5.2
21 silly currentTree │ └── lodash@4.3.0
21 silly currentTree ├── grunt-postcss@0.8.0
21 silly currentTree ├─┬ grunt@1.0.1
21 silly currentTree │ ├── glob@7.0.6
21 silly currentTree │ ├── grunt-cli@1.2.0
21 silly currentTree │ ├── js-yaml@3.5.5
21 silly currentTree │ └── rimraf@2.2.8
21 silly currentTree ├── har-validator@2.0.6
21 silly currentTree ├── has-ansi@2.0.0
21 silly currentTree ├─┬ has-binary@0.1.7
21 silly currentTree │ └── isarray@0.0.1
21 silly currentTree ├── has-cors@1.1.0
21 silly currentTree ├── has-flag@1.0.0
21 silly currentTree ├─┬ hasbin@1.2.3
21 silly currentTree │ └── async@1.5.2
21 silly currentTree ├── hawk@3.1.3
21 silly currentTree ├── hoek@2.16.3
21 silly currentTree ├── home-path@1.0.3
21 silly currentTree ├── hooker@0.2.3
21 silly currentTree ├── hosted-git-info@2.1.5
21 silly currentTree ├── html-tags@1.1.1
21 silly currentTree ├── http-errors@1.5.0
21 silly currentTree ├── http-signature@1.1.1
21 silly currentTree ├── iconv-lite@0.4.13
21 silly currentTree ├── ignore@3.1.5
21 silly currentTree ├── imurmurhash@0.1.4
21 silly currentTree ├── indent-string@2.1.0
21 silly currentTree ├── indexes-of@1.0.1
21 silly currentTree ├── indexof@0.0.1
21 silly currentTree ├── infinity-agent@2.0.3
21 silly currentTree ├── inflight@1.0.5
21 silly currentTree ├── inherits@2.0.1
21 silly currentTree ├── ini@1.3.4
21 silly currentTree ├── inquirer@1.0.3
21 silly currentTree ├── invert-kv@1.0.0
21 silly currentTree ├── ipaddr.js@1.1.1
21 silly currentTree ├── irregular-plurals@1.2.0
21 silly currentTree ├── is-arrayish@0.2.1
21 silly currentTree ├── is-buffer@1.1.4
21 silly currentTree ├── is-builtin-module@1.0.0
21 silly currentTree ├── is-finite@1.0.1
21 silly currentTree ├── is-fullwidth-code-point@1.0.0
21 silly currentTree ├── is-my-json-valid@2.13.1
21 silly currentTree ├── is-npm@1.0.0
21 silly currentTree ├── is-obj@1.0.1
21 silly currentTree ├── is-path-cwd@1.0.0
21 silly currentTree ├── is-path-in-cwd@1.0.0
21 silly currentTree ├── is-path-inside@1.0.0
21 silly currentTree ├── is-plain-obj@1.1.0
21 silly currentTree ├── is-promise@2.1.0
21 silly currentTree ├── is-property@1.0.2
21 silly currentTree ├── is-redirect@1.0.0
21 silly currentTree ├── is-regexp@1.0.0
21 silly currentTree ├── is-resolvable@1.0.0
21 silly currentTree ├── is-retry-allowed@1.1.0
21 silly currentTree ├── is-stream@1.1.0
21 silly currentTree ├── is-supported-regexp-flag@1.0.0
21 silly currentTree ├── is-typedarray@1.0.0
21 silly currentTree ├── is-utf8@0.2.1
21 silly currentTree ├── isarray@1.0.0
21 silly currentTree ├── isexe@1.1.2
21 silly currentTree ├── isstream@0.1.2
21 silly currentTree ├── jodid25519@1.0.2
21 silly currentTree ├── js-base64@2.1.9
21 silly currentTree ├── js-yaml@3.6.1
21 silly currentTree ├── jsbn@0.1.0
21 silly currentTree ├── json-schema@0.2.2
21 silly currentTree ├── json-stable-stringify@1.0.1
21 silly currentTree ├── json-stringify-safe@5.0.1
21 silly currentTree ├── json3@3.2.6
21 silly currentTree ├─┬ jsonfilter@1.1.2
21 silly currentTree │ ├── isarray@0.0.1
21 silly currentTree │ ├── minimist@1.2.0
21 silly currentTree │ ├── readable-stream@1.0.34
21 silly currentTree │ └── through2@0.6.5
21 silly currentTree ├── jsonify@0.0.0
21 silly currentTree ├── jsonparse@0.0.5
21 silly currentTree ├── jsonpointer@2.0.0
21 silly currentTree ├── JSONStream@0.8.4
21 silly currentTree ├── jsprim@1.3.0
21 silly currentTree ├── kind-of@3.0.4
21 silly currentTree ├── known-css-properties@0.0.4
21 silly currentTree ├── latest-version@2.0.0
21 silly currentTree ├── lazy-cache@1.0.4
21 silly currentTree ├── lcid@1.0.0
21 silly currentTree ├─┬ ldjson-stream@1.2.1
21 silly currentTree │ ├── isarray@0.0.1
21 silly currentTree │ ├── readable-stream@1.0.34
21 silly currentTree │ └── through2@0.6.5
21 silly currentTree ├── levn@0.3.0
21 silly currentTree ├── load-json-file@1.1.0
21 silly currentTree ├── lodash.assign@4.2.0
21 silly currentTree ├── lodash.clonedeep@4.5.0
21 silly currentTree ├── lodash.defaults@4.2.0
21 silly currentTree ├── lodash.defaultsdeep@4.6.0
21 silly currentTree ├── lodash.mergewith@4.6.0
21 silly currentTree ├── lodash@4.15.0
21 silly currentTree ├── log-symbols@1.0.2
21 silly currentTree ├── longest@1.0.1
21 silly currentTree ├── loud-rejection@1.6.0
21 silly currentTree ├── lowercase-keys@1.0.0
21 silly currentTree ├── lru-cache@4.0.1
21 silly currentTree ├── map-obj@1.0.1
21 silly currentTree ├── media-typer@0.3.0
21 silly currentTree ├─┬ meow@3.7.0
21 silly currentTree │ └── minimist@1.2.0
21 silly currentTree ├── merge-descriptors@1.0.1
21 silly currentTree ├── methods@1.1.2
21 silly currentTree ├── mime-db@1.23.0
21 silly currentTree ├── mime-types@2.1.11
21 silly currentTree ├── mime@1.3.4
21 silly currentTree ├── minimatch@3.0.2
21 silly currentTree ├── minimist@0.0.8
21 silly currentTree ├── mkdirp@0.5.1
21 silly currentTree ├── moment@2.14.1
21 silly currentTree ├── ms@0.7.1
21 silly currentTree ├── multimatch@2.1.0
21 silly currentTree ├── mute-stream@0.0.6
21 silly currentTree ├── mv@2.1.1
21 silly currentTree ├── natural-compare@1.4.0
21 silly currentTree ├─┬ nconf@0.7.2
21 silly currentTree │ └── async@0.9.2
21 silly currentTree ├── ncp@2.0.0
21 silly currentTree ├── negotiator@0.6.1
21 silly currentTree ├── nested-error-stacks@1.0.2
21 silly currentTree ├── node-status-codes@1.0.0
21 silly currentTree ├── node-uuid@1.4.7
21 silly currentTree ├── nopt@3.0.6
21 silly currentTree ├── normalize-package-data@2.3.5
21 silly currentTree ├── normalize-range@0.1.2
21 silly currentTree ├── normalize-selector@0.2.0
21 silly currentTree ├─┬ nugget@1.6.2
21 silly currentTree │ └── minimist@1.2.0
21 silly currentTree ├── num2fraction@1.2.2
21 silly currentTree ├── number-is-nan@1.0.0
21 silly currentTree ├── oauth-sign@0.8.2
21 silly currentTree ├── object-assign@4.1.0
21 silly currentTree ├── object-component@0.0.3
21 silly currentTree ├── object-keys@0.4.0
21 silly currentTree ├── on-finished@2.3.0
21 silly currentTree ├── once@1.3.3
21 silly currentTree ├── onecolor@3.0.4
21 silly currentTree ├── onetime@1.1.0
21 silly currentTree ├── open@0.0.5
21 silly currentTree ├─┬ optionator@0.8.1
21 silly currentTree │ └── wordwrap@1.0.0
21 silly currentTree ├── options@0.0.6
21 silly currentTree ├── os-homedir@1.0.1
21 silly currentTree ├── os-locale@1.4.0
21 silly currentTree ├── os-name@1.0.3
21 silly currentTree ├── os-tmpdir@1.0.1
21 silly currentTree ├── osenv@0.1.3
21 silly currentTree ├─┬ osx-release@1.1.0
21 silly currentTree │ └── minimist@1.2.0
21 silly currentTree ├── package-json@2.4.0
21 silly currentTree ├── parse-json@2.2.0
21 silly currentTree ├── parse-ms@1.0.1
21 silly currentTree ├── parsejson@0.0.1
21 silly currentTree ├── parseqs@0.0.2
21 silly currentTree ├── parseuri@0.0.4
21 silly currentTree ├── parseurl@1.3.1
21 silly currentTree ├── path-exists@2.1.0
21 silly currentTree ├── path-is-absolute@1.0.0
21 silly currentTree ├── path-is-inside@1.0.1
21 silly currentTree ├── path-to-regexp@0.1.7
21 silly currentTree ├── path-type@1.1.0
21 silly currentTree ├── pend@1.2.0
21 silly currentTree ├── pify@2.3.0
21 silly currentTree ├── pinkie-promise@2.0.1
21 silly currentTree ├── pinkie@2.0.4
21 silly currentTree ├── pipetteur@2.0.3
21 silly currentTree ├── plur@2.1.2
21 silly currentTree ├── pluralize@1.2.1
21 silly currentTree ├── postcss-less@0.14.0
21 silly currentTree ├── postcss-media-query-parser@0.2.1
21 silly currentTree ├── postcss-reporter@1.4.1
21 silly currentTree ├── postcss-resolve-nested-selector@0.1.1
21 silly currentTree ├── postcss-scss@0.2.1
21 silly currentTree ├── postcss-selector-parser@2.2.1
21 silly currentTree ├── postcss-value-parser@3.3.0
21 silly currentTree ├─┬ postcss@5.1.2
21 silly currentTree │ └── supports-color@3.1.2
21 silly currentTree ├── prelude-ls@1.1.2
21 silly currentTree ├── prepend-http@1.0.4
21 silly currentTree ├── pretty-bytes@1.0.4
21 silly currentTree ├─┬ pretty-ms@2.1.0
21 silly currentTree │ └── plur@1.0.0
21 silly currentTree ├── process-nextick-args@1.0.7
21 silly currentTree ├── progress-stream@1.2.0
21 silly currentTree ├── progress@1.1.8
21 silly currentTree ├── promise@7.1.1
21 silly currentTree ├── proxy-addr@1.1.2
21 silly currentTree ├── pseudomap@1.0.2
21 silly currentTree ├── punycode@1.3.2
21 silly currentTree ├── qs@6.2.0
21 silly currentTree ├── querystring@0.2.0
21 silly currentTree ├── range-parser@1.2.0
21 silly currentTree ├─┬ rc@1.1.6
21 silly currentTree │ └── minimist@1.2.0
21 silly currentTree ├── read-all-stream@3.1.0
21 silly currentTree ├── read-file-stdin@0.2.1
21 silly currentTree ├── read-pkg-up@1.0.1
21 silly currentTree ├── read-pkg@1.1.0
21 silly currentTree ├── readable-stream@2.0.6
21 silly currentTree ├─┬ readline2@1.0.1
21 silly currentTree │ └── mute-stream@0.0.5
21 silly currentTree ├── redent@1.0.0
21 silly currentTree ├── registry-auth-token@3.0.1
21 silly currentTree ├── registry-url@3.1.0
21 silly currentTree ├── repeat-string@1.5.4
21 silly currentTree ├── repeating@2.0.1
21 silly currentTree ├── request@2.74.0
21 silly currentTree ├── require-directory@2.1.1
21 silly currentTree ├── require-from-string@1.2.0
21 silly currentTree ├── require-main-filename@1.0.1
21 silly currentTree ├── require-uncached@1.0.2
21 silly currentTree ├── resolve-from@1.0.1
21 silly currentTree ├── resolve@1.1.7
21 silly currentTree ├── restore-cursor@1.0.1
21 silly currentTree ├── right-align@0.1.3
21 silly currentTree ├── rimraf@2.4.5
21 silly currentTree ├── rrule@2.1.0
21 silly currentTree ├── run-async@2.2.0
21 silly currentTree ├── rx-lite@3.1.2
21 silly currentTree ├── rx@4.1.0
21 silly currentTree ├── sax@1.2.1
21 silly currentTree ├── semver-diff@2.1.0
21 silly currentTree ├── semver@5.3.0
21 silly currentTree ├── send@0.14.1
21 silly currentTree ├── serve-static@1.11.1
21 silly currentTree ├── set-blocking@2.0.0
21 silly currentTree ├── setprototypeof@1.0.1
21 silly currentTree ├── shelljs@0.6.1
21 silly currentTree ├── signal-exit@3.0.0
21 silly currentTree ├── single-line-log@0.4.1
21 silly currentTree ├── slice-ansi@0.0.4
21 silly currentTree ├── slide@1.1.6
21 silly currentTree ├── sntp@1.0.9
21 silly currentTree ├── snyk-config@1.0.1
21 silly currentTree ├── snyk-module@1.7.0
21 silly currentTree ├── snyk-policy@1.5.2
21 silly currentTree ├── snyk-recursive-readdir@2.0.0
21 silly currentTree ├─┬ snyk-resolve-deps@1.7.0
21 silly currentTree │ └── minimist@1.2.0
21 silly currentTree ├── snyk-resolve@1.0.0
21 silly currentTree ├── snyk-tree@1.0.0
21 silly currentTree ├── snyk-try-require@1.1.1
21 silly currentTree ├── snyk@1.19.1
21 silly currentTree ├─┬ socket.io-adapter@0.4.0
21 silly currentTree │ ├── isarray@0.0.1
21 silly currentTree │ └─┬ socket.io-parser@2.2.2
21 silly currentTree │   └── debug@0.7.4
21 silly currentTree ├─┬ socket.io-client@1.4.8
21 silly currentTree │ └── component-emitter@1.2.0
21 silly currentTree ├─┬ socket.io-parser@2.2.6
21 silly currentTree │ ├── isarray@0.0.1
21 silly currentTree │ └── json3@3.3.2
21 silly currentTree ├── socket.io@1.4.8
21 silly currentTree ├── source-map@0.5.6
21 silly currentTree ├── spdx-correct@1.0.2
21 silly currentTree ├── spdx-expression-parse@1.0.3
21 silly currentTree ├── spdx-license-ids@1.2.2
21 silly currentTree ├── specificity@0.2.1
21 silly currentTree ├── speedometer@0.1.4
21 silly currentTree ├─┬ split2@0.2.1
21 silly currentTree │ ├── isarray@0.0.1
21 silly currentTree │ ├── readable-stream@1.0.34
21 silly currentTree │ └── through2@0.6.5
21 silly currentTree ├── sprintf-js@1.0.3
21 silly currentTree ├─┬ sshpk@1.10.0
21 silly currentTree │ └── assert-plus@1.0.0
21 silly currentTree ├── statuses@1.3.0
21 silly currentTree ├── stream-combiner@0.2.2
21 silly currentTree ├── stream-shift@1.0.0
21 silly currentTree ├── string_decoder@0.10.31
21 silly currentTree ├── string-length@1.0.1
21 silly currentTree ├── string-width@1.0.2
21 silly currentTree ├── stringstream@0.0.5
21 silly currentTree ├── strip-ansi@3.0.1
21 silly currentTree ├── strip-bom@2.0.0
21 silly currentTree ├── strip-indent@1.0.1
21 silly currentTree ├── strip-json-comments@1.0.4
21 silly currentTree ├── style-search@0.1.0
21 silly currentTree ├─┬ stylehacks@2.3.1
21 silly currentTree │ └── minimist@1.2.0
21 silly currentTree ├── stylelint-config-standard@13.0.0
21 silly currentTree ├─┬ stylelint@7.2.0
21 silly currentTree │ ├── get-stdin@5.0.1
21 silly currentTree │ ├── glob@7.0.6
21 silly currentTree │ ├── globby@6.0.0
21 silly currentTree │ └── resolve-from@2.0.0
21 silly currentTree ├── sugarss@0.1.5
21 silly currentTree ├── supports-color@2.0.0
21 silly currentTree ├── svg-tags@1.0.0
21 silly currentTree ├── synesthesia@1.0.1
21 silly currentTree ├── table@3.7.8
21 silly currentTree ├── tempfile@1.1.1
21 silly currentTree ├── text-table@0.2.0
21 silly currentTree ├── then-fs@2.0.0
21 silly currentTree ├── throttleit@0.0.2
21 silly currentTree ├── through@2.3.8
21 silly currentTree ├─┬ through2@0.2.3
21 silly currentTree │ ├── isarray@0.0.1
21 silly currentTree │ ├── readable-stream@1.1.14
21 silly currentTree │ └── xtend@2.1.2
21 silly currentTree ├── time-grunt@1.4.0
21 silly currentTree ├── time-zone@0.1.0
21 silly currentTree ├── timed-out@2.0.0
21 silly currentTree ├── to-array@0.1.4
21 silly currentTree ├── tough-cookie@2.3.1
21 silly currentTree ├── trim-newlines@1.0.0
21 silly currentTree ├── tryit@1.0.2
21 silly currentTree ├── tunnel-agent@0.4.3
21 silly currentTree ├── tv4@1.2.7
21 silly currentTree ├── tweetnacl@0.13.3
21 silly currentTree ├── type-check@0.3.2
21 silly currentTree ├── type-is@1.6.13
21 silly currentTree ├── typedarray@0.0.6
21 silly currentTree ├── ultron@1.0.2
21 silly currentTree ├── undefsafe@0.0.3
21 silly currentTree ├── underscore.string@3.2.3
21 silly currentTree ├── uniq@1.0.1
21 silly currentTree ├── unpipe@1.0.0
21 silly currentTree ├── unzip-response@1.0.0
21 silly currentTree ├─┬ update-notifier@0.5.0
21 silly currentTree │ ├── got@3.3.1
21 silly currentTree │ ├── latest-version@1.0.1
21 silly currentTree │ ├── object-assign@3.0.0
21 silly currentTree │ ├── package-json@1.2.0
21 silly currentTree │ └── repeating@1.1.3
21 silly currentTree ├── url-parse-lax@1.0.0
21 silly currentTree ├── url@0.11.0
21 silly currentTree ├── user-home@2.0.0
21 silly currentTree ├── utf8@2.1.0
21 silly currentTree ├── util-deprecate@1.0.2
21 silly currentTree ├── utils-merge@1.0.0
21 silly currentTree ├── uuid@2.0.2
21 silly currentTree ├── valid-url@1.0.9
21 silly currentTree ├── validate-npm-package-license@3.0.1
21 silly currentTree ├── validate-npm-package-name@2.2.2
21 silly currentTree ├── vary@1.1.0
21 silly currentTree ├── verror@1.3.6
21 silly currentTree ├── walk@2.3.9
21 silly currentTree ├── which-module@1.0.0
21 silly currentTree ├── which@1.2.10
21 silly currentTree ├── widest-line@1.0.0
21 silly currentTree ├── win-release@1.1.1
21 silly currentTree ├── window-size@0.1.4
21 silly currentTree ├── wordwrap@0.0.2
21 silly currentTree ├── wrap-ansi@2.0.0
21 silly currentTree ├── wrappy@1.0.2
21 silly currentTree ├── write-file-atomic@1.2.0
21 silly currentTree ├── write-file-stdout@0.0.2
21 silly currentTree ├── write@0.2.1
21 silly currentTree ├── ws@1.1.0
21 silly currentTree ├── xdg-basedir@2.0.0
21 silly currentTree ├── xmlhttprequest-ssl@1.5.1
21 silly currentTree ├── xregexp@3.1.1
21 silly currentTree ├── xtend@4.0.1
21 silly currentTree ├── y18n@3.2.1
21 silly currentTree ├── yallist@2.0.0
21 silly currentTree ├─┬ yargs-parser@2.4.1
21 silly currentTree │ └── camelcase@3.0.0
21 silly currentTree ├── yargs@3.15.0
21 silly currentTree ├── yauzl@2.4.1
21 silly currentTree └── yeast@0.1.2
22 silly idealTree magicmirror@2.0.0
22 silly idealTree ├── abbrev@1.0.9
22 silly idealTree ├── accepts@1.3.3
22 silly idealTree ├── acorn-jsx@3.0.1
22 silly idealTree ├── acorn@3.3.0
22 silly idealTree ├── after@0.8.1
22 silly idealTree ├── align-text@0.1.4
22 silly idealTree ├── amdefine@1.0.0
22 silly idealTree ├── ansi-escapes@1.4.0
22 silly idealTree ├── ansi-regex@2.0.0
22 silly idealTree ├── ansi-styles@2.2.1
22 silly idealTree ├── ansicolors@0.3.2
22 silly idealTree ├── archy@1.0.0
22 silly idealTree ├── argparse@1.0.7
22 silly idealTree ├── array-differ@1.0.0
22 silly idealTree ├── array-find-index@1.0.1
22 silly idealTree ├── array-flatten@1.1.1
22 silly idealTree ├── array-union@1.0.2
22 silly idealTree ├── array-uniq@1.0.3
22 silly idealTree ├── arraybuffer.slice@0.0.6
22 silly idealTree ├── arrify@1.0.1
22 silly idealTree ├── asap@2.0.4
22 silly idealTree ├── asn1@0.2.3
22 silly idealTree ├── assert-plus@0.2.0
22 silly idealTree ├── async@2.0.1
22 silly idealTree ├── autoprefixer@6.4.1
22 silly idealTree ├── aws-sign2@0.6.0
22 silly idealTree ├── aws4@1.4.1
22 silly idealTree ├── backo2@1.0.2
22 silly idealTree ├── balanced-match@0.4.2
22 silly idealTree ├── base64-arraybuffer@0.1.2
22 silly idealTree ├── base64id@0.1.0
22 silly idealTree ├─┬ bcrypt-pbkdf@1.0.0
22 silly idealTree │ └── tweetnacl@0.14.3
22 silly idealTree ├── benchmark@1.0.0
22 silly idealTree ├── better-assert@1.0.2
22 silly idealTree ├── bl@1.1.2
22 silly idealTree ├── blob@0.0.4
22 silly idealTree ├── bluebird@3.4.6
22 silly idealTree ├── boom@2.10.1
22 silly idealTree ├── boxen@0.3.1
22 silly idealTree ├── brace-expansion@1.1.6
22 silly idealTree ├── browserslist@1.3.6
22 silly idealTree ├── builtin-modules@1.1.1
22 silly idealTree ├── builtins@0.0.7
22 silly idealTree ├── caller-path@0.1.0
22 silly idealTree ├── callsite@1.0.0
22 silly idealTree ├── callsites@0.2.0
22 silly idealTree ├─┬ camelcase-keys@2.1.0
22 silly idealTree │ └── camelcase@2.1.1
22 silly idealTree ├── camelcase@1.2.1
22 silly idealTree ├── caniuse-db@1.0.30000528
22 silly idealTree ├── capture-stack-trace@1.0.0
22 silly idealTree ├── caseless@0.11.0
22 silly idealTree ├── center-align@0.1.3
22 silly idealTree ├── chalk@1.1.3
22 silly idealTree ├── circular-json@0.3.1
22 silly idealTree ├── clarinet@0.11.0
22 silly idealTree ├── cli-cursor@1.0.2
22 silly idealTree ├── cli-width@2.1.0
22 silly idealTree ├─┬ clite@0.3.0
22 silly idealTree │ ├── cliui@3.2.0
22 silly idealTree │ ├── configstore@2.1.0
22 silly idealTree │ ├── update-notifier@0.6.3
22 silly idealTree │ ├── window-size@0.2.0
22 silly idealTree │ └── yargs@4.8.1
22 silly idealTree ├── cliui@2.1.0
22 silly idealTree ├── clone-regexp@1.0.0
22 silly idealTree ├── code-point-at@1.0.0
22 silly idealTree ├── coffee-script@1.10.0
22 silly idealTree ├── color-diff@0.1.7
22 silly idealTree ├─┬ colorguard@1.2.0
22 silly idealTree │ └── yargs@1.3.3
22 silly idealTree ├── colors@1.1.2
22 silly idealTree ├── combined-stream@1.0.5
22 silly idealTree ├── commander@2.9.0
22 silly idealTree ├── component-bind@1.0.0
22 silly idealTree ├── component-emitter@1.1.2
22 silly idealTree ├── component-inherit@0.0.3
22 silly idealTree ├── concat-map@0.0.1
22 silly idealTree ├── concat-stream@1.5.0
22 silly idealTree ├── configstore@1.4.0
22 silly idealTree ├── content-disposition@0.5.1
22 silly idealTree ├── content-type@1.0.2
22 silly idealTree ├── cookie-signature@1.0.6
22 silly idealTree ├── cookie@0.3.1
22 silly idealTree ├── core-util-is@1.0.2
22 silly idealTree ├─┬ cosmiconfig@1.1.0
22 silly idealTree │ └── minimist@1.2.0
22 silly idealTree ├── create-error-class@3.0.2
22 silly idealTree ├── cryptiles@2.0.5
22 silly idealTree ├── css-color-names@0.0.3
22 silly idealTree ├─┬ css-rule-stream@1.1.0
22 silly idealTree │ ├── duplexer2@0.0.2
22 silly idealTree │ ├── isarray@0.0.1
22 silly idealTree │ ├── readable-stream@1.1.14
22 silly idealTree │ └─┬ through2@0.6.5
22 silly idealTree │   └── readable-stream@1.0.34
22 silly idealTree ├─┬ css-tokenize@1.0.1
22 silly idealTree │ ├── isarray@0.0.1
22 silly idealTree │ └── readable-stream@1.1.14
22 silly idealTree ├── currently-unhandled@0.4.1
22 silly idealTree ├── d@0.1.1
22 silly idealTree ├─┬ dashdash@1.14.0
22 silly idealTree │ └── assert-plus@1.0.0
22 silly idealTree ├── date-time@1.1.0
22 silly idealTree ├── dateformat@1.0.12
22 silly idealTree ├── debug@2.2.0
22 silly idealTree ├── decamelize@1.2.0
22 silly idealTree ├── deep-extend@0.4.1
22 silly idealTree ├── deep-is@0.1.3
22 silly idealTree ├── del@2.2.2
22 silly idealTree ├── delayed-stream@1.0.0
22 silly idealTree ├── depd@1.1.0
22 silly idealTree ├── destroy@1.0.4
22 silly idealTree ├── diff@2.2.3
22 silly idealTree ├── doctrine@1.3.0
22 silly idealTree ├─┬ doiuse@2.4.1
22 silly idealTree │ ├── duplexer2@0.0.2
22 silly idealTree │ ├── isarray@0.0.1
22 silly idealTree │ ├── readable-stream@1.1.14
22 silly idealTree │ ├── source-map@0.4.4
22 silly idealTree │ └─┬ through2@0.6.5
22 silly idealTree │   └── readable-stream@1.0.34
22 silly idealTree ├── dot-prop@3.0.0
22 silly idealTree ├── duplexer@0.1.1
22 silly idealTree ├── duplexer2@0.1.4
22 silly idealTree ├── duplexify@3.4.5
22 silly idealTree ├── ecc-jsbn@0.1.1
22 silly idealTree ├── ee-first@1.1.1
22 silly idealTree ├─┬ electron-download@2.1.2
22 silly idealTree │ ├── minimist@1.2.0
22 silly idealTree │ └── path-exists@1.0.0
22 silly idealTree ├── electron-prebuilt@1.3.5
22 silly idealTree ├── encodeurl@1.0.1
22 silly idealTree ├── end-of-stream@1.0.0
22 silly idealTree ├─┬ engine.io-client@1.6.11
22 silly idealTree │ └── ws@1.0.1
22 silly idealTree ├─┬ engine.io-parser@1.2.4
22 silly idealTree │ ├── has-binary@0.1.6
22 silly idealTree │ └── isarray@0.0.1
22 silly idealTree ├─┬ engine.io@1.6.11
22 silly idealTree │ ├── accepts@1.1.4
22 silly idealTree │ ├── mime-db@1.12.0
22 silly idealTree │ ├── mime-types@2.0.14
22 silly idealTree │ └── negotiator@0.4.9
22 silly idealTree ├── error-ex@1.3.0
22 silly idealTree ├── es5-ext@0.10.12
22 silly idealTree ├── es6-iterator@2.0.0
22 silly idealTree ├── es6-map@0.1.4
22 silly idealTree ├── es6-promise@3.2.1
22 silly idealTree ├── es6-set@0.1.4
22 silly idealTree ├── es6-symbol@3.1.0
22 silly idealTree ├── es6-weak-map@2.0.1
22 silly idealTree ├── escape-html@1.0.3
22 silly idealTree ├── escape-string-regexp@1.0.5
22 silly idealTree ├── escope@3.6.0
22 silly idealTree ├─┬ eslint@3.4.0
22 silly idealTree │ ├── glob@7.0.6
22 silly idealTree │ ├── inquirer@0.12.0
22 silly idealTree │ ├── run-async@0.1.0
22 silly idealTree │ └── strip-bom@3.0.0
22 silly idealTree ├── espree@3.1.7
22 silly idealTree ├── esprima@2.7.3
22 silly idealTree ├─┬ esrecurse@4.1.0
22 silly idealTree │ └── estraverse@4.1.1
22 silly idealTree ├── estraverse@4.2.0
22 silly idealTree ├── esutils@2.0.2
22 silly idealTree ├── etag@1.7.0
22 silly idealTree ├── event-emitter@0.3.4
22 silly idealTree ├── eventemitter2@0.4.14
22 silly idealTree ├── eventyoshi@0.1.6
22 silly idealTree ├── execall@1.0.0
22 silly idealTree ├── exit-hook@1.1.1
22 silly idealTree ├── exit@0.1.2
22 silly idealTree ├── express@4.14.0
22 silly idealTree ├── extend@3.0.0
22 silly idealTree ├─┬ extract-zip@1.5.0
22 silly idealTree │ ├── debug@0.7.4
22 silly idealTree │ └── mkdirp@0.5.0
22 silly idealTree ├── extsprintf@1.0.2
22 silly idealTree ├── fast-levenshtein@1.1.4
22 silly idealTree ├── fd-slicer@1.0.1
22 silly idealTree ├── feedme@0.3.2
22 silly idealTree ├── figures@1.7.0
22 silly idealTree ├── file-entry-cache@2.0.0
22 silly idealTree ├── filled-array@1.1.0
22 silly idealTree ├── finalhandler@0.5.0
22 silly idealTree ├── find-up@1.1.2
22 silly idealTree ├─┬ findup-sync@0.3.0
22 silly idealTree │ └── glob@5.0.15
22 silly idealTree ├── flat-cache@1.2.1
22 silly idealTree ├── flatten@1.0.2
22 silly idealTree ├── foreachasync@3.0.0
22 silly idealTree ├── forever-agent@0.6.1
22 silly idealTree ├── form-data@1.0.1
22 silly idealTree ├── forwarded@0.1.0
22 silly idealTree ├── fresh@0.3.0
22 silly idealTree ├── fs.realpath@1.0.0
22 silly idealTree ├── gather-stream@1.0.0
22 silly idealTree ├── generate-function@2.0.0
22 silly idealTree ├── generate-object-property@1.2.0
22 silly idealTree ├── get-caller-file@1.0.2
22 silly idealTree ├── get-stdin@4.0.1
22 silly idealTree ├── getobject@0.1.0
22 silly idealTree ├─┬ getpass@0.1.6
22 silly idealTree │ └── assert-plus@1.0.0
22 silly idealTree ├── glob@6.0.4
22 silly idealTree ├── globals@9.9.0
22 silly idealTree ├─┬ globby@5.0.0
22 silly idealTree │ └── glob@7.0.6
22 silly idealTree ├── globjoin@0.1.4
22 silly idealTree ├── got@5.6.0
22 silly idealTree ├── graceful-fs@4.1.6
22 silly idealTree ├── graceful-readlink@1.0.1
22 silly idealTree ├── grunt-eslint@19.0.0
22 silly idealTree ├── grunt-known-options@1.1.0
22 silly idealTree ├─┬ grunt-legacy-log-utils@1.0.0
22 silly idealTree │ └── lodash@4.3.0
22 silly idealTree ├─┬ grunt-legacy-log@1.0.0
22 silly idealTree │ └── lodash@3.10.1
22 silly idealTree ├─┬ grunt-legacy-util@1.0.0
22 silly idealTree │ ├── async@1.5.2
22 silly idealTree │ └── lodash@4.3.0
22 silly idealTree ├── grunt-postcss@0.8.0
22 silly idealTree ├─┬ grunt@1.0.1
22 silly idealTree │ ├── glob@7.0.6
22 silly idealTree │ ├── grunt-cli@1.2.0
22 silly idealTree │ ├── js-yaml@3.5.5
22 silly idealTree │ └── rimraf@2.2.8
22 silly idealTree ├── har-validator@2.0.6
22 silly idealTree ├── has-ansi@2.0.0
22 silly idealTree ├─┬ has-binary@0.1.7
22 silly idealTree │ └── isarray@0.0.1
22 silly idealTree ├── has-cors@1.1.0
22 silly idealTree ├── has-flag@1.0.0
22 silly idealTree ├─┬ hasbin@1.2.3
22 silly idealTree │ └── async@1.5.2
22 silly idealTree ├── hawk@3.1.3
22 silly idealTree ├── hoek@2.16.3
22 silly idealTree ├── home-path@1.0.3
22 silly idealTree ├── hooker@0.2.3
22 silly idealTree ├── hosted-git-info@2.1.5
22 silly idealTree ├── html-tags@1.1.1
22 silly idealTree ├── http-errors@1.5.0
22 silly idealTree ├── http-signature@1.1.1
22 silly idealTree ├── iconv-lite@0.4.13
22 silly idealTree ├── ignore@3.1.5
22 silly idealTree ├── imurmurhash@0.1.4
22 silly idealTree ├── indent-string@2.1.0
22 silly idealTree ├── indexes-of@1.0.1
22 silly idealTree ├── indexof@0.0.1
22 silly idealTree ├── infinity-agent@2.0.3
22 silly idealTree ├── inflight@1.0.5
22 silly idealTree ├── inherits@2.0.1
22 silly idealTree ├── ini@1.3.4
22 silly idealTree ├── inquirer@1.0.3
22 silly idealTree ├── invert-kv@1.0.0
22 silly idealTree ├── ipaddr.js@1.1.1
22 silly idealTree ├── irregular-plurals@1.2.0
22 silly idealTree ├── is-arrayish@0.2.1
22 silly idealTree ├── is-buffer@1.1.4
22 silly idealTree ├── is-builtin-module@1.0.0
22 silly idealTree ├── is-finite@1.0.1
22 silly idealTree ├── is-fullwidth-code-point@1.0.0
22 silly idealTree ├── is-my-json-valid@2.13.1
22 silly idealTree ├── is-npm@1.0.0
22 silly idealTree ├── is-obj@1.0.1
22 silly idealTree ├── is-path-cwd@1.0.0
22 silly idealTree ├── is-path-in-cwd@1.0.0
22 silly idealTree ├── is-path-inside@1.0.0
22 silly idealTree ├── is-plain-obj@1.1.0
22 silly idealTree ├── is-promise@2.1.0
22 silly idealTree ├── is-property@1.0.2
22 silly idealTree ├── is-redirect@1.0.0
22 silly idealTree ├── is-regexp@1.0.0
22 silly idealTree ├── is-resolvable@1.0.0
22 silly idealTree ├── is-retry-allowed@1.1.0
22 silly idealTree ├── is-stream@1.1.0
22 silly idealTree ├── is-supported-regexp-flag@1.0.0
22 silly idealTree ├── is-typedarray@1.0.0
22 silly idealTree ├── is-utf8@0.2.1
22 silly idealTree ├── isarray@1.0.0
22 silly idealTree ├── isexe@1.1.2
22 silly idealTree ├── isstream@0.1.2
22 silly idealTree ├── jodid25519@1.0.2
22 silly idealTree ├── js-base64@2.1.9
22 silly idealTree ├── js-yaml@3.6.1
22 silly idealTree ├── jsbn@0.1.0
22 silly idealTree ├── json-schema@0.2.2
22 silly idealTree ├── json-stable-stringify@1.0.1
22 silly idealTree ├── json-stringify-safe@5.0.1
22 silly idealTree ├── json3@3.2.6
22 silly idealTree ├─┬ jsonfilter@1.1.2
22 silly idealTree │ ├── isarray@0.0.1
22 silly idealTree │ ├── minimist@1.2.0
22 silly idealTree │ ├── readable-stream@1.0.34
22 silly idealTree │ └── through2@0.6.5
22 silly idealTree ├── jsonify@0.0.0
22 silly idealTree ├── jsonparse@0.0.5
22 silly idealTree ├── jsonpointer@2.0.0
22 silly idealTree ├── JSONStream@0.8.4
22 silly idealTree ├── jsprim@1.3.0
22 silly idealTree ├── kind-of@3.0.4
22 silly idealTree ├── known-css-properties@0.0.4
22 silly idealTree ├── latest-version@2.0.0
22 silly idealTree ├── lazy-cache@1.0.4
22 silly idealTree ├── lcid@1.0.0
22 silly idealTree ├─┬ ldjson-stream@1.2.1
22 silly idealTree │ ├── isarray@0.0.1
22 silly idealTree │ ├── readable-stream@1.0.34
22 silly idealTree │ └── through2@0.6.5
22 silly idealTree ├── levn@0.3.0
22 silly idealTree ├── load-json-file@1.1.0
22 silly idealTree ├── lodash.assign@4.2.0
22 silly idealTree ├── lodash.clonedeep@4.5.0
22 silly idealTree ├── lodash.defaults@4.2.0
22 silly idealTree ├── lodash.defaultsdeep@4.6.0
22 silly idealTree ├── lodash.mergewith@4.6.0
22 silly idealTree ├── lodash@4.15.0
22 silly idealTree ├── log-symbols@1.0.2
22 silly idealTree ├── longest@1.0.1
22 silly idealTree ├── loud-rejection@1.6.0
22 silly idealTree ├── lowercase-keys@1.0.0
22 silly idealTree ├── lru-cache@4.0.1
22 silly idealTree ├── map-obj@1.0.1
22 silly idealTree ├── media-typer@0.3.0
22 silly idealTree ├─┬ meow@3.7.0
22 silly idealTree │ └── minimist@1.2.0
22 silly idealTree ├── merge-descriptors@1.0.1
22 silly idealTree ├── methods@1.1.2
22 silly idealTree ├── mime-db@1.23.0
22 silly idealTree ├── mime-types@2.1.11
22 silly idealTree ├── mime@1.3.4
22 silly idealTree ├── minimatch@3.0.2
22 silly idealTree ├── minimist@0.0.8
22 silly idealTree ├── mkdirp@0.5.1
22 silly idealTree ├── moment@2.14.1
22 silly idealTree ├── ms@0.7.1
22 silly idealTree ├── multimatch@2.1.0
22 silly idealTree ├── mute-stream@0.0.6
22 silly idealTree ├── mv@2.1.1
22 silly idealTree ├── natural-compare@1.4.0
22 silly idealTree ├─┬ nconf@0.7.2
22 silly idealTree │ └── async@0.9.2
22 silly idealTree ├── ncp@2.0.0
22 silly idealTree ├── negotiator@0.6.1
22 silly idealTree ├── nested-error-stacks@1.0.2
22 silly idealTree ├── node-status-codes@1.0.0
22 silly idealTree ├── node-uuid@1.4.7
22 silly idealTree ├── nopt@3.0.6
22 silly idealTree ├── normalize-package-data@2.3.5
22 silly idealTree ├── normalize-range@0.1.2
22 silly idealTree ├── normalize-selector@0.2.0
22 silly idealTree ├─┬ nugget@1.6.2
22 silly idealTree │ └── minimist@1.2.0
22 silly idealTree ├── num2fraction@1.2.2
22 silly idealTree ├── number-is-nan@1.0.0
22 silly idealTree ├── oauth-sign@0.8.2
22 silly idealTree ├── object-assign@4.1.0
22 silly idealTree ├── object-component@0.0.3
22 silly idealTree ├── object-keys@0.4.0
22 silly idealTree ├── on-finished@2.3.0
22 silly idealTree ├── once@1.3.3
22 silly idealTree ├── onecolor@3.0.4
22 silly idealTree ├── onetime@1.1.0
22 silly idealTree ├── open@0.0.5
22 silly idealTree ├─┬ optionator@0.8.1
22 silly idealTree │ └── wordwrap@1.0.0
22 silly idealTree ├── options@0.0.6
22 silly idealTree ├── os-homedir@1.0.1
22 silly idealTree ├── os-locale@1.4.0
22 silly idealTree ├── os-name@1.0.3
22 silly idealTree ├── os-tmpdir@1.0.1
22 silly idealTree ├── osenv@0.1.3
22 silly idealTree ├─┬ osx-release@1.1.0
22 silly idealTree │ └── minimist@1.2.0
22 silly idealTree ├── package-json@2.4.0
22 silly idealTree ├── parse-json@2.2.0
22 silly idealTree ├── parse-ms@1.0.1
22 silly idealTree ├── parsejson@0.0.1
22 silly idealTree ├── parseqs@0.0.2
22 silly idealTree ├── parseuri@0.0.4
22 silly idealTree ├── parseurl@1.3.1
22 silly idealTree ├── path-exists@2.1.0
22 silly idealTree ├── path-is-absolute@1.0.0
22 silly idealTree ├── path-is-inside@1.0.1
22 silly idealTree ├── path-to-regexp@0.1.7
22 silly idealTree ├── path-type@1.1.0
22 silly idealTree ├── pend@1.2.0
22 silly idealTree ├── pify@2.3.0
22 silly idealTree ├── pinkie-promise@2.0.1
22 silly idealTree ├── pinkie@2.0.4
22 silly idealTree ├── pipetteur@2.0.3
22 silly idealTree ├── plur@2.1.2
22 silly idealTree ├── pluralize@1.2.1
22 silly idealTree ├── postcss-less@0.14.0
22 silly idealTree ├── postcss-media-query-parser@0.2.1
22 silly idealTree ├── postcss-reporter@1.4.1
22 silly idealTree ├── postcss-resolve-nested-selector@0.1.1
22 silly idealTree ├── postcss-scss@0.2.1
22 silly idealTree ├── postcss-selector-parser@2.2.1
22 silly idealTree ├── postcss-value-parser@3.3.0
22 silly idealTree ├─┬ postcss@5.1.2
22 silly idealTree │ └── supports-color@3.1.2
22 silly idealTree ├── prelude-ls@1.1.2
22 silly idealTree ├── prepend-http@1.0.4
22 silly idealTree ├── pretty-bytes@1.0.4
22 silly idealTree ├─┬ pretty-ms@2.1.0
22 silly idealTree │ └── plur@1.0.0
22 silly idealTree ├── process-nextick-args@1.0.7
22 silly idealTree ├── progress-stream@1.2.0
22 silly idealTree ├── progress@1.1.8
22 silly idealTree ├── promise@7.1.1
22 silly idealTree ├── proxy-addr@1.1.2
22 silly idealTree ├── pseudomap@1.0.2
22 silly idealTree ├── punycode@1.3.2
22 silly idealTree ├── qs@6.2.0
22 silly idealTree ├── querystring@0.2.0
22 silly idealTree ├── range-parser@1.2.0
22 silly idealTree ├─┬ rc@1.1.6
22 silly idealTree │ └── minimist@1.2.0
22 silly idealTree ├── read-all-stream@3.1.0
22 silly idealTree ├── read-file-stdin@0.2.1
22 silly idealTree ├── read-pkg-up@1.0.1
22 silly idealTree ├── read-pkg@1.1.0
22 silly idealTree ├── readable-stream@2.0.6
22 silly idealTree ├─┬ readline2@1.0.1
22 silly idealTree │ └── mute-stream@0.0.5
22 silly idealTree ├── redent@1.0.0
22 silly idealTree ├── registry-auth-token@3.0.1
22 silly idealTree ├── registry-url@3.1.0
22 silly idealTree ├── repeat-string@1.5.4
22 silly idealTree ├── repeating@2.0.1
22 silly idealTree ├── request@2.74.0
22 silly idealTree ├── require-directory@2.1.1
22 silly idealTree ├── require-from-string@1.2.0
22 silly idealTree ├── require-main-filename@1.0.1
22 silly idealTree ├── require-uncached@1.0.2
22 silly idealTree ├── resolve-from@1.0.1
22 silly idealTree ├── resolve@1.1.7
22 silly idealTree ├── restore-cursor@1.0.1
22 silly idealTree ├── right-align@0.1.3
22 silly idealTree ├── rimraf@2.4.5
22 silly idealTree ├── rrule@2.1.0
22 silly idealTree ├── run-async@2.2.0
22 silly idealTree ├── rx-lite@3.1.2
22 silly idealTree ├── rx@4.1.0
22 silly idealTree ├── sax@1.2.1
22 silly idealTree ├── semver-diff@2.1.0
22 silly idealTree ├── semver@5.3.0
22 silly idealTree ├── send@0.14.1
22 silly idealTree ├── serve-static@1.11.1
22 silly idealTree ├── set-blocking@2.0.0
22 silly idealTree ├── setprototypeof@1.0.1
22 silly idealTree ├── shelljs@0.6.1
22 silly idealTree ├── signal-exit@3.0.0
22 silly idealTree ├── single-line-log@0.4.1
22 silly idealTree ├── slice-ansi@0.0.4
22 silly idealTree ├── slide@1.1.6
22 silly idealTree ├── sntp@1.0.9
22 silly idealTree ├── snyk-config@1.0.1
22 silly idealTree ├── snyk-module@1.7.0
22 silly idealTree ├── snyk-policy@1.5.2
22 silly idealTree ├── snyk-recursive-readdir@2.0.0
22 silly idealTree ├─┬ snyk-resolve-deps@1.7.0
22 silly idealTree │ └── minimist@1.2.0
22 silly idealTree ├── snyk-resolve@1.0.0
22 silly idealTree ├── snyk-tree@1.0.0
22 silly idealTree ├── snyk-try-require@1.1.1
22 silly idealTree ├── snyk@1.19.1
22 silly idealTree ├─┬ socket.io-adapter@0.4.0
22 silly idealTree │ ├── isarray@0.0.1
22 silly idealTree │ └─┬ socket.io-parser@2.2.2
22 silly idealTree │   └── debug@0.7.4
22 silly idealTree ├─┬ socket.io-client@1.4.8
22 silly idealTree │ └── component-emitter@1.2.0
22 silly idealTree ├─┬ socket.io-parser@2.2.6
22 silly idealTree │ ├── isarray@0.0.1
22 silly idealTree │ └── json3@3.3.2
22 silly idealTree ├── socket.io@1.4.8
22 silly idealTree ├── source-map@0.5.6
22 silly idealTree ├── spdx-correct@1.0.2
22 silly idealTree ├── spdx-expression-parse@1.0.3
22 silly idealTree ├── spdx-license-ids@1.2.2
22 silly idealTree ├── specificity@0.2.1
22 silly idealTree ├── speedometer@0.1.4
22 silly idealTree ├─┬ split2@0.2.1
22 silly idealTree │ ├── isarray@0.0.1
22 silly idealTree │ ├── readable-stream@1.0.34
22 silly idealTree │ └── through2@0.6.5
22 silly idealTree ├── sprintf-js@1.0.3
22 silly idealTree ├─┬ sshpk@1.10.0
22 silly idealTree │ └── assert-plus@1.0.0
22 silly idealTree ├── statuses@1.3.0
22 silly idealTree ├── stream-combiner@0.2.2
22 silly idealTree ├── stream-shift@1.0.0
22 silly idealTree ├── string_decoder@0.10.31
22 silly idealTree ├── string-length@1.0.1
22 silly idealTree ├── string-width@1.0.2
22 silly idealTree ├── stringstream@0.0.5
22 silly idealTree ├── strip-ansi@3.0.1
22 silly idealTree ├── strip-bom@2.0.0
22 silly idealTree ├── strip-indent@1.0.1
22 silly idealTree ├── strip-json-comments@1.0.4
22 silly idealTree ├── style-search@0.1.0
22 silly idealTree ├─┬ stylehacks@2.3.1
22 silly idealTree │ └── minimist@1.2.0
22 silly idealTree ├── stylelint-config-standard@13.0.0
22 silly idealTree ├─┬ stylelint@7.2.0
22 silly idealTree │ ├── get-stdin@5.0.1
22 silly idealTree │ ├── glob@7.0.6
22 silly idealTree │ ├── globby@6.0.0
22 silly idealTree │ └── resolve-from@2.0.0
22 silly idealTree ├── sugarss@0.1.5
22 silly idealTree ├── supports-color@2.0.0
22 silly idealTree ├── svg-tags@1.0.0
22 silly idealTree ├── synesthesia@1.0.1
22 silly idealTree ├── table@3.7.8
22 silly idealTree ├── tempfile@1.1.1
22 silly idealTree ├── text-table@0.2.0
22 silly idealTree ├── then-fs@2.0.0
22 silly idealTree ├── throttleit@0.0.2
22 silly idealTree ├── through@2.3.8
22 silly idealTree ├─┬ through2@0.2.3
22 silly idealTree │ ├── isarray@0.0.1
22 silly idealTree │ ├── readable-stream@1.1.14
22 silly idealTree │ └── xtend@2.1.2
22 silly idealTree ├── time-grunt@1.4.0
22 silly idealTree ├── time-zone@0.1.0
22 silly idealTree ├── timed-out@2.0.0
22 silly idealTree ├── to-array@0.1.4
22 silly idealTree ├── tough-cookie@2.3.1
22 silly idealTree ├── trim-newlines@1.0.0
22 silly idealTree ├── tryit@1.0.2
22 silly idealTree ├── tunnel-agent@0.4.3
22 silly idealTree ├── tv4@1.2.7
22 silly idealTree ├── tweetnacl@0.13.3
22 silly idealTree ├── type-check@0.3.2
22 silly idealTree ├── type-is@1.6.13
22 silly idealTree ├── typedarray@0.0.6
22 silly idealTree ├── ultron@1.0.2
22 silly idealTree ├── undefsafe@0.0.3
22 silly idealTree ├── underscore.string@3.2.3
22 silly idealTree ├── uniq@1.0.1
22 silly idealTree ├── unpipe@1.0.0
22 silly idealTree ├── unzip-response@1.0.0
22 silly idealTree ├─┬ update-notifier@0.5.0
22 silly idealTree │ ├── got@3.3.1
22 silly idealTree │ ├── latest-version@1.0.1
22 silly idealTree │ ├── object-assign@3.0.0
22 silly idealTree │ ├── package-json@1.2.0
22 silly idealTree │ └── repeating@1.1.3
22 silly idealTree ├── url-parse-lax@1.0.0
22 silly idealTree ├── url@0.11.0
22 silly idealTree ├── user-home@2.0.0
22 silly idealTree ├── utf8@2.1.0
22 silly idealTree ├── util-deprecate@1.0.2
22 silly idealTree ├── utils-merge@1.0.0
22 silly idealTree ├── uuid@2.0.2
22 silly idealTree ├── valid-url@1.0.9
22 silly idealTree ├── validate-npm-package-license@3.0.1
22 silly idealTree ├── validate-npm-package-name@2.2.2
22 silly idealTree ├── vary@1.1.0
22 silly idealTree ├── verror@1.3.6
22 silly idealTree ├── walk@2.3.9
22 silly idealTree ├── which-module@1.0.0
22 silly idealTree ├── which@1.2.10
22 silly idealTree ├── widest-line@1.0.0
22 silly idealTree ├── win-release@1.1.1
22 silly idealTree ├── window-size@0.1.4
22 silly idealTree ├── wordwrap@0.0.2
22 silly idealTree ├── wrap-ansi@2.0.0
22 silly idealTree ├── wrappy@1.0.2
22 silly idealTree ├── write-file-atomic@1.2.0
22 silly idealTree ├── write-file-stdout@0.0.2
22 silly idealTree ├── write@0.2.1
22 silly idealTree ├── ws@1.1.0
22 silly idealTree ├── xdg-basedir@2.0.0
22 silly idealTree ├── xmlhttprequest-ssl@1.5.1
22 silly idealTree ├── xregexp@3.1.1
22 silly idealTree ├── xtend@4.0.1
22 silly idealTree ├── y18n@3.2.1
22 silly idealTree ├── yallist@2.0.0
22 silly idealTree ├─┬ yargs-parser@2.4.1
22 silly idealTree │ └── camelcase@3.0.0
22 silly idealTree ├── yargs@3.15.0
22 silly idealTree ├── yauzl@2.4.1
22 silly idealTree └── yeast@0.1.2
23 silly generateActionsToTake Starting
24 silly install generateActionsToTake
25 silly generateActionsToTake Finishing
26 silly diffTrees action count 0
27 silly decomposeActions action count 0
28 silly executeActions Starting
29 silly install executeActions
30 silly doSerial global-install 0
31 silly doParallel fetch 0
32 verbose correctMkdir /Users/SeanBoramLee/.npm/_locks correctMkdir not in flight; initializing
33 verbose lock using /Users/SeanBoramLee/.npm/_locks/staging-7d052c8bc0e25d6b.lock for /Users/SeanBoramLee/Repos/RFLCTT/node_modules/.staging
34 silly doParallel extract 0
35 silly doParallel preinstall 0
36 silly doReverseSerial remove 0
37 silly doSerial move 0
38 silly doSerial finalize 0
39 silly doSerial build 0
40 silly doSerial global-link 0
41 silly doParallel update-linked 0
42 silly doSerial install 0
43 silly doSerial postinstall 0
44 verbose unlock done using /Users/SeanBoramLee/.npm/_locks/staging-7d052c8bc0e25d6b.lock for /Users/SeanBoramLee/Repos/RFLCTT/node_modules/.staging
45 silly executeActions Finishing
46 silly rollbackFailedOptional Starting
47 silly rollbackFailedOptional Finishing
48 silly runTopLevelLifecycles Starting
49 silly install runTopLevelLifecycles
50 silly preinstall magicmirror@2.0.0 /Users/SeanBoramLee/Repos/RFLCTT/magicmirror-9cc3de3b
51 info lifecycle magicmirror@2.0.0~preinstall: magicmirror@2.0.0
52 silly lifecycle magicmirror@2.0.0~preinstall: no script for preinstall, continuing
53 silly build magicmirror@2.0.0
54 info linkStuff magicmirror@2.0.0
55 silly linkStuff magicmirror@2.0.0 has /Users/SeanBoramLee/Repos as its parent node_modules
56 verbose linkBins magicmirror@2.0.0
57 verbose linkMans magicmirror@2.0.0
58 silly install magicmirror@2.0.0 /Users/SeanBoramLee/Repos/RFLCTT/magicmirror-9cc3de3b
59 info lifecycle magicmirror@2.0.0~install: magicmirror@2.0.0
60 silly lifecycle magicmirror@2.0.0~install: no script for install, continuing
61 silly postinstall magicmirror@2.0.0 /Users/SeanBoramLee/Repos/RFLCTT/magicmirror-9cc3de3b
62 info lifecycle magicmirror@2.0.0~postinstall: magicmirror@2.0.0
63 silly lifecycle magicmirror@2.0.0~postinstall: no script for postinstall, continuing
64 silly prepublish magicmirror@2.0.0 /Users/SeanBoramLee/Repos/RFLCTT/magicmirror-9cc3de3b
65 info lifecycle magicmirror@2.0.0~prepublish: magicmirror@2.0.0
66 verbose lifecycle magicmirror@2.0.0~prepublish: unsafe-perm in lifecycle true
67 verbose lifecycle magicmirror@2.0.0~prepublish: PATH: /usr/local/lib/node_modules/npm/bin/node-gyp-bin:/Users/SeanBoramLee/Repos/RFLCTT/node_modules/.bin:/usr/local/Cellar/node/6.0.0/bin:/Library/Frameworks/Python.framework/Versions/3.5/bin:/usr/local/heroku/bin:/usr/local/bin:/usr/local/sbin:~/bin:/Users/SeanBoramLee/.rbenv/bin:/Users/SeanBoramLee/.rbenv/shims:/usr/local/bin:/usr/bin:/bin:/usr/sbin:/sbin
68 verbose lifecycle magicmirror@2.0.0~prepublish: CWD: /Users/SeanBoramLee/Repos/RFLCTT
69 silly lifecycle magicmirror@2.0.0~prepublish: Args: [ '-c', 'npm run snyk-protect' ]
70 silly lifecycle magicmirror@2.0.0~prepublish: Returned: code: 1  signal: null
71 info lifecycle magicmirror@2.0.0~prepublish: Failed to exec prepublish script
72 verbose stack Error: magicmirror@2.0.0 prepublish: `npm run snyk-protect`
72 verbose stack Exit status 1
72 verbose stack     at EventEmitter.<anonymous> (/usr/local/lib/node_modules/npm/lib/utils/lifecycle.js:255:16)
72 verbose stack     at emitTwo (events.js:106:13)
72 verbose stack     at EventEmitter.emit (events.js:191:7)
72 verbose stack     at ChildProcess.<anonymous> (/usr/local/lib/node_modules/npm/lib/utils/spawn.js:40:14)
72 verbose stack     at emitTwo (events.js:106:13)
72 verbose stack     at ChildProcess.emit (events.js:191:7)
72 verbose stack     at maybeClose (internal/child_process.js:850:16)
72 verbose stack     at Process.ChildProcess._handle.onexit (internal/child_process.js:215:5)
73 verbose pkgid magicmirror@2.0.0
74 verbose cwd /Users/SeanBoramLee/Repos/RFLCTT
75 error Darwin 15.6.0
76 error argv "/usr/local/Cellar/node/6.0.0/bin/node" "/usr/local/bin/npm" "install"
77 error node v6.0.0
78 error npm  v3.10.6
79 error code ELIFECYCLE
80 error magicmirror@2.0.0 prepublish: `npm run snyk-protect`
80 error Exit status 1
81 error Failed at the magicmirror@2.0.0 prepublish script 'npm run snyk-protect'.
81 error Make sure you have the latest version of node.js and npm installed.
81 error If you do, this is most likely a problem with the magicmirror package,
81 error not with npm itself.
81 error Tell the author that this fails on your system:
81 error     npm run snyk-protect
81 error You can get information on how to open an issue for this project with:
81 error     npm bugs magicmirror
81 error Or if that isn't available, you can get their info via:
81 error     npm owner ls magicmirror
81 error There is likely additional logging output above.
82 verbose exit [ 1, true ]
